# JRE version: OpenJDK Runtime Environment (8.0_102-b14) (build 1.8.0_102-8u102-b14.1-1mx150+1-b14)
# Java VM: OpenJDK Server VM (25.102-b14 mixed mode linux-x86 )
Heap:
 PSYoungGen      total 18176K, used 12942K [0x9ce00000, 0x9e440000, 0xa6e00000)
  eden space 14080K, 65% used [0x9ce00000,0x9d700a68,0x9dbc0000)
  from space 4096K, 90% used [0x9dc00000,0x9dfa2df0,0x9e000000)
  to   space 4352K, 0% used [0x9e000000,0x9e000000,0x9e440000)
 ParOldGen       total 20480K, used 6745K [0x88e00000, 0x8a200000, 0x9ce00000)
  object space 20480K, 32% used [0x88e00000,0x89496548,0x8a200000)
 Metaspace       used 13586K, capacity 13810K, committed 13976K, reserved 14640K
GC Heap History (10 events):
Event: 5,599 GC heap before
{Heap before GC invocations=3 (full 0):
 PSYoungGen      total 8960K, used 8949K [0x9ce00000, 0x9d800000, 0xa6e00000)
  eden space 7680K, 100% used [0x9ce00000,0x9d580000,0x9d580000)
  from space 1280K, 99% used [0x9d6c0000,0x9d7fd4c0,0x9d800000)
  to   space 1280K, 0% used [0x9d580000,0x9d580000,0x9d6c0000)
 ParOldGen       total 20480K, used 1764K [0x88e00000, 0x8a200000, 0x9ce00000)
  object space 20480K, 8% used [0x88e00000,0x88fb90e0,0x8a200000)
 Metaspace       used 4934K, capacity 5109K, committed 5144K, reserved 5424K
Event: 5,606 GC heap after
Heap after GC invocations=3 (full 0):
 PSYoungGen      total 8960K, used 1264K [0x9ce00000, 0x9df80000, 0xa6e00000)
  eden space 7680K, 0% used [0x9ce00000,0x9ce00000,0x9d580000)
  from space 1280K, 98% used [0x9d580000,0x9d6bc020,0x9d6c0000)
  to   space 1280K, 0% used [0x9de40000,0x9de40000,0x9df80000)
 ParOldGen       total 20480K, used 2801K [0x88e00000, 0x8a200000, 0x9ce00000)
  object space 20480K, 13% used [0x88e00000,0x890bc7c0,0x8a200000)
 Metaspace       used 4934K, capacity 5109K, committed 5144K, reserved 5424K
}
Event: 6,463 GC heap before
{Heap before GC invocations=4 (full 0):
 PSYoungGen      total 8960K, used 8944K [0x9ce00000, 0x9df80000, 0xa6e00000)
  eden space 7680K, 100% used [0x9ce00000,0x9d580000,0x9d580000)
  from space 1280K, 98% used [0x9d580000,0x9d6bc020,0x9d6c0000)
  to   space 1280K, 0% used [0x9de40000,0x9de40000,0x9df80000)
 ParOldGen       total 20480K, used 2801K [0x88e00000, 0x8a200000, 0x9ce00000)
  object space 20480K, 13% used [0x88e00000,0x890bc7c0,0x8a200000)
 Metaspace       used 5798K, capacity 5941K, committed 6040K, reserved 6448K
Event: 6,472 GC heap after
Heap after GC invocations=4 (full 0):
 PSYoungGen      total 16640K, used 1264K [0x9ce00000, 0x9df80000, 0xa6e00000)
  eden space 15360K, 0% used [0x9ce00000,0x9ce00000,0x9dd00000)
  from space 1280K, 98% used [0x9de40000,0x9df7c020,0x9df80000)
  to   space 1280K, 0% used [0x9dd00000,0x9dd00000,0x9de40000)
 ParOldGen       total 20480K, used 3805K [0x88e00000, 0x8a200000, 0x9ce00000)
  object space 20480K, 18% used [0x88e00000,0x891b77d0,0x8a200000)
 Metaspace       used 5798K, capacity 5941K, committed 6040K, reserved 6448K
}
Event: 8,375 GC heap before
{Heap before GC invocations=5 (full 0):
 PSYoungGen      total 16640K, used 16624K [0x9ce00000, 0x9df80000, 0xa6e00000)
  eden space 15360K, 100% used [0x9ce00000,0x9dd00000,0x9dd00000)
  from space 1280K, 98% used [0x9de40000,0x9df7c020,0x9df80000)
  to   space 1280K, 0% used [0x9dd00000,0x9dd00000,0x9de40000)
 ParOldGen       total 20480K, used 3805K [0x88e00000, 0x8a200000, 0x9ce00000)
  object space 20480K, 18% used [0x88e00000,0x891b77d0,0x8a200000)
 Metaspace       used 7143K, capacity 7317K, committed 7448K, reserved 7472K
Event: 8,385 GC heap after
Heap after GC invocations=5 (full 0):
 PSYoungGen      total 16384K, used 1275K [0x9ce00000, 0x9e340000, 0xa6e00000)
  eden space 15104K, 0% used [0x9ce00000,0x9ce00000,0x9dcc0000)
  from space 1280K, 99% used [0x9dd00000,0x9de3ef40,0x9de40000)
  to   space 3328K, 0% used [0x9e000000,0x9e000000,0x9e340000)
 ParOldGen       total 20480K, used 5679K [0x88e00000, 0x8a200000, 0x9ce00000)
  object space 20480K, 27% used [0x88e00000,0x8938bf78,0x8a200000)
 Metaspace       used 7143K, capacity 7317K, committed 7448K, reserved 7472K
}
Event: 15,049 GC heap before
{Heap before GC invocations=6 (full 0):
 PSYoungGen      total 16384K, used 16379K [0x9ce00000, 0x9e340000, 0xa6e00000)
  eden space 15104K, 100% used [0x9ce00000,0x9dcc0000,0x9dcc0000)
  from space 1280K, 99% used [0x9dd00000,0x9de3ef40,0x9de40000)
  to   space 3328K, 0% used [0x9e000000,0x9e000000,0x9e340000)
 ParOldGen       total 20480K, used 5679K [0x88e00000, 0x8a200000, 0x9ce00000)
  object space 20480K, 27% used [0x88e00000,0x8938bf78,0x8a200000)
 Metaspace       used 9525K, capacity 9713K, committed 9880K, reserved 10544K
Event: 15,065 GC heap after
Heap after GC invocations=6 (full 0):
 PSYoungGen      total 17664K, used 3326K [0x9ce00000, 0x9e480000, 0xa6e00000)
  eden space 14336K, 0% used [0x9ce00000,0x9ce00000,0x9dc00000)
  from space 3328K, 99% used [0x9e000000,0x9e33f8d0,0x9e340000)
  to   space 4096K, 0% used [0x9dc00000,0x9dc00000,0x9e000000)
 ParOldGen       total 20480K, used 5984K [0x88e00000, 0x8a200000, 0x9ce00000)
  object space 20480K, 29% used [0x88e00000,0x893d8110,0x8a200000)
 Metaspace       used 9525K, capacity 9713K, committed 9880K, reserved 10544K
}
Event: 25,878 GC heap before
{Heap before GC invocations=7 (full 0):
 PSYoungGen      total 17664K, used 17662K [0x9ce00000, 0x9e480000, 0xa6e00000)
  eden space 14336K, 100% used [0x9ce00000,0x9dc00000,0x9dc00000)
  from space 3328K, 99% used [0x9e000000,0x9e33f8d0,0x9e340000)
  to   space 4096K, 0% used [0x9dc00000,0x9dc00000,0x9e000000)
 ParOldGen       total 20480K, used 5984K [0x88e00000, 0x8a200000, 0x9ce00000)
  object space 20480K, 29% used [0x88e00000,0x893d8110,0x8a200000)
 Metaspace       used 12683K, capacity 12911K, committed 13080K, reserved 13616K
Event: 25,893 GC heap after
Heap after GC invocations=7 (full 0):
 PSYoungGen      total 18176K, used 3723K [0x9ce00000, 0x9e440000, 0xa6e00000)
  eden space 14080K, 0% used [0x9ce00000,0x9ce00000,0x9dbc0000)
  from space 4096K, 90% used [0x9dc00000,0x9dfa2df0,0x9e000000)
  to   space 4352K, 0% used [0x9e000000,0x9e000000,0x9e440000)
 ParOldGen       total 20480K, used 6745K [0x88e00000, 0x8a200000, 0x9ce00000)
  object space 20480K, 32% used [0x88e00000,0x89496548,0x8a200000)
 Metaspace       used 12683K, capacity 12911K, committed 13080K, reserved 13616K
}

